2021-05-31 11:46:56,329 : ERROR : Zero date value prohibited
2021-05-31 11:46:56,433 : ERROR : [ anonymousUser ] : AuthenticationController : [USER IS BLOCKED] Failed login attempt was made from [ ivana.gsmhospital@mailinator.com ]
2021-05-31 11:47:37,432 : ERROR : Zero date value prohibited
2021-05-31 11:47:37,467 : ERROR : [ anonymousUser ] : AuthenticationController : [USER IS BLOCKED] Failed login attempt was made from [ ivana.gsmhospital@mailinator.com ]
2021-05-31 11:49:32,017 : ERROR : Zero date value prohibited
2021-05-31 11:49:32,126 : ERROR : [ anonymousUser ] : AuthenticationController : [USER IS BLOCKED] Failed login attempt was made from [ ivana.gsmhospital@mailinator.com ]
2021-05-31 11:52:20,603 : ERROR : Zero date value prohibited
2021-05-31 11:52:20,696 : ERROR : [ anonymousUser ] : AuthenticationController : [USER IS BLOCKED] Failed login attempt was made from [ vlado.hospital@mailinator.com ]
2021-05-31 11:58:05,177 : ERROR : Zero date value prohibited
2021-05-31 11:58:05,278 : ERROR : [ anonymousUser ] : AuthenticationController : [USER IS BLOCKED] Failed login attempt was made from [ vlado.hospital@mailinator.com ]
2021-05-31 12:00:08,067 : INFO : [ vlado.hospital@mailinator.com ] : AuthenticationController : Successfull login attempt was made from [ vlado.hospital@mailinator.com ]
2021-05-31 12:00:48,397 : INFO : [ ivana.gsmhospital@mailinator.com ] : AuthenticationController : Successfull login attempt was made from [ ivana.gsmhospital@mailinator.com ]
2021-05-31 12:00:52,156 : INFO : [ ivana.gsmhospital@mailinator.com ] : AlarmController : Successful attempt for retrieving alarms from hospital-app
2021-05-31 12:00:57,363 : INFO : [ ivana.gsmhospital@mailinator.com ] : PatientController : Successful attempt for retrieving patients from hospital-app
2021-05-31 12:02:48,451 : INFO : [ ivana.gsmhospital@mailinator.com ] : PatientController : Successful attempt for retrieving patients from hospital-app
2021-05-31 12:03:15,661 : INFO : [ ivana.gsmhospital@mailinator.com ] : PatientController : Successful attempt for retrieving patients from hospital-app
2021-05-31 12:04:51,124 : INFO : [ ivana.gsmhospital@mailinator.com ] : PatientController : Successful attempt for retrieving patients from hospital-app
2021-05-31 12:04:54,011 : INFO : [ ivana.gsmhospital@mailinator.com ] : PatientController : Successful attempt for retrieving patients from hospital-app
2021-05-31 12:04:57,323 : INFO : [ ivana.gsmhospital@mailinator.com ] : PatientController : Successful attempt for retrieving patients from hospital-app
2021-05-31 12:08:31,832 : INFO : [ ivana.gsmhospital@mailinator.com ] : PatientController : Successful attempt for retrieving patients from hospital-app
2021-05-31 12:09:27,511 : INFO : [ ivana.gsmhospital@mailinator.com ] : PatientController : Successful attempt for retrieving patients from hospital-app
2021-05-31 12:09:39,221 : INFO : [ ivana.gsmhospital@mailinator.com ] : PatientController : Successful attempt for retrieving patients from hospital-app
2021-05-31 12:10:00,266 : INFO : [ ivana.gsmhospital@mailinator.com ] : PatientController : Successful attempt for retrieving patients from hospital-app
2021-05-31 12:10:41,552 : INFO : [ ivana.gsmhospital@mailinator.com ] : PatientController : Successful attempt for retrieving patients from hospital-app
2021-05-31 12:10:56,932 : INFO : [ ivana.gsmhospital@mailinator.com ] : PatientController : Successful attempt for retrieving patients from hospital-app
2021-05-31 12:12:16,332 : INFO : [ ivana.gsmhospital@mailinator.com ] : PatientController : Successful attempt for retrieving patients from hospital-app
2021-05-31 12:13:13,842 : INFO : [ ivana.gsmhospital@mailinator.com ] : AuthenticationController : Successfull login attempt was made from [ ivana.gsmhospital@mailinator.com ]
2021-05-31 12:13:15,239 : INFO : [ ivana.gsmhospital@mailinator.com ] : PatientController : Successful attempt for retrieving patients from hospital-app
2021-05-31 12:14:57,577 : INFO : [ ivana.gsmhospital@mailinator.com ] : PatientController : Successful attempt for retrieving patients from hospital-app
2021-05-31 12:14:58,068 : INFO : [ ivana.gsmhospital@mailinator.com ] : PatientController : Successful attempt for retrieving patients from hospital-app
2021-05-31 12:15:04,494 : INFO : [ ivana.gsmhospital@mailinator.com ] : PatientController : Successful attempt for retrieving patients from hospital-app
2021-05-31 12:15:33,150 : INFO : [ ivana.gsmhospital@mailinator.com ] : PatientController : Successful attempt for retrieving patients from hospital-app
2021-05-31 12:15:34,237 : INFO : [ ivana.gsmhospital@mailinator.com ] : PatientController : Successful attempt for retrieving patients from hospital-app
2021-05-31 12:16:21,414 : INFO : [ ivana.gsmhospital@mailinator.com ] : PatientController : Successful attempt for retrieving patients from hospital-app
2021-05-31 12:16:21,477 : INFO : [ ivana.gsmhospital@mailinator.com ] : PatientController : Successful attempt for retrieving patients from hospital-app
