2021-06-05 12:28:45,857 : INFO : [ hospital-blood-device ] : DeviceController : Successfully received blood device data
2021-06-05 12:28:47,814 : INFO : [ hospital-blood-device ] : DeviceController : Successfully received blood device data
2021-06-05 12:32:26,715 : INFO : [ hospital-blood-device ] : DeviceController : Successfully received blood device data
2021-06-05 12:32:28,401 : INFO : [ hospital-blood-device ] : DeviceController : Successfully received blood device data
2021-06-05 15:15:25,093 : INFO : [ BLOOD_DEVICE ] : DeviceController : Successfully received blood device data for patient [ 152 ]
2021-06-05 15:15:26,102 : INFO : [ BLOOD_DEVICE ] : DeviceController : Successfully received blood device data for patient [ 160 ]
2021-06-05 15:15:27,044 : INFO : [ BLOOD_DEVICE ] : DeviceController : Alarms were created for patient [ 160 ]
2021-06-05 15:15:27,995 : INFO : [ BLOOD_DEVICE ] : DeviceController : Alarms were created for patient [ 152 ]
2021-06-05 15:15:29,001 : INFO : [ HEART_MONITOR_DEVICE ] : DeviceController : Successfully received heart monitor data for patient [ 185 ]
2021-06-05 15:15:29,187 : INFO : [ HEART_MONITOR_DEVICE ] : DeviceController : Alarms were created for patient [ 185 ]
2021-06-05 15:15:31,222 : INFO : [ BLOOD_DEVICE ] : DeviceController : Successfully received blood device data for patient [ 171 ]
2021-06-05 15:15:31,424 : INFO : [ BLOOD_DEVICE ] : DeviceController : Alarms were created for patient [ 171 ]
2021-06-05 15:15:32,754 : INFO : [ HEART_MONITOR_DEVICE ] : DeviceController : Successfully received heart monitor data for patient [ 183 ]
2021-06-05 15:15:32,958 : INFO : [ HEART_MONITOR_DEVICE ] : DeviceController : Alarms were created for patient [ 183 ]
2021-06-05 15:15:34,392 : INFO : [ NEUROLOGICAL_DEVICE ] : DeviceController : Successfully received neurological device data for patient [ 187 ]
2021-06-05 15:15:34,596 : INFO : [ NEUROLOGICAL_DEVICE ] : DeviceController : Alarms were created for patient [ 187 ]
2021-06-05 15:15:36,173 : INFO : [ BLOOD_DEVICE ] : DeviceController : Successfully received blood device data for patient [ 167 ]
2021-06-05 15:15:36,360 : INFO : [ BLOOD_DEVICE ] : DeviceController : Alarms were created for patient [ 167 ]
2021-06-05 15:15:37,796 : INFO : [ HEART_MONITOR_DEVICE ] : DeviceController : Successfully received heart monitor data for patient [ 166 ]
2021-06-05 15:15:37,977 : INFO : [ HEART_MONITOR_DEVICE ] : DeviceController : Alarms were created for patient [ 166 ]
2021-06-05 15:15:38,054 : INFO : [ NEUROLOGICAL_DEVICE ] : DeviceController : Successfully received neurological device data for patient [ 177 ]
2021-06-05 15:15:38,225 : INFO : [ NEUROLOGICAL_DEVICE ] : DeviceController : Alarms were created for patient [ 177 ]
2021-06-05 15:15:41,146 : INFO : [ BLOOD_DEVICE ] : DeviceController : Successfully received blood device data for patient [ 197 ]
2021-06-05 15:15:41,351 : INFO : [ BLOOD_DEVICE ] : DeviceController : Alarms were created for patient [ 197 ]
2021-06-05 15:15:42,784 : INFO : [ HEART_MONITOR_DEVICE ] : DeviceController : Successfully received heart monitor data for patient [ 150 ]
2021-06-05 15:15:42,950 : INFO : [ HEART_MONITOR_DEVICE ] : DeviceController : Alarms were created for patient [ 150 ]
2021-06-05 15:15:43,095 : INFO : [ NEUROLOGICAL_DEVICE ] : DeviceController : Successfully received neurological device data for patient [ 175 ]
2021-06-05 15:15:43,296 : INFO : [ NEUROLOGICAL_DEVICE ] : DeviceController : Alarms were created for patient [ 175 ]
2021-06-05 15:15:46,162 : INFO : [ BLOOD_DEVICE ] : DeviceController : Successfully received blood device data for patient [ 153 ]
2021-06-05 15:15:46,359 : INFO : [ BLOOD_DEVICE ] : DeviceController : Alarms were created for patient [ 153 ]
2021-06-05 15:15:47,796 : INFO : [ HEART_MONITOR_DEVICE ] : DeviceController : Successfully received heart monitor data for patient [ 158 ]
2021-06-05 15:15:47,963 : INFO : [ HEART_MONITOR_DEVICE ] : DeviceController : Alarms were created for patient [ 158 ]
2021-06-05 15:15:48,020 : INFO : [ NEUROLOGICAL_DEVICE ] : DeviceController : Successfully received neurological device data for patient [ 189 ]
2021-06-05 15:15:48,180 : INFO : [ NEUROLOGICAL_DEVICE ] : DeviceController : Alarms were created for patient [ 189 ]
2021-06-05 15:15:51,100 : INFO : [ BLOOD_DEVICE ] : DeviceController : Successfully received blood device data for patient [ 192 ]
2021-06-05 15:15:51,380 : INFO : [ BLOOD_DEVICE ] : DeviceController : Alarms were created for patient [ 192 ]
2021-06-05 15:15:52,815 : INFO : [ HEART_MONITOR_DEVICE ] : DeviceController : Successfully received heart monitor data for patient [ 165 ]
2021-06-05 15:15:53,018 : INFO : [ HEART_MONITOR_DEVICE ] : DeviceController : Alarms were created for patient [ 165 ]
2021-06-05 15:15:56,258 : INFO : [ BLOOD_DEVICE ] : DeviceController : Successfully received blood device data for patient [ 176 ]
2021-06-05 15:15:56,457 : INFO : [ BLOOD_DEVICE ] : DeviceController : Alarms were created for patient [ 176 ]
